0 info it worked if it ends with ok
1 verbose cli [ '/usr/local/bin/node',
1 verbose cli   '/usr/local/bin/npm',
1 verbose cli   'install',
1 verbose cli   '--save',
1 verbose cli   'browser-synxc' ]
2 info using npm@1.4.28
3 info using node@v0.10.33
4 verbose node symlink /usr/local/bin/node
5 warn package.json eventemitter@0.3.3 'repositories' (plural) Not supported. Please pick one as the 'repository' field
6 warn package.json eventemitter@0.3.3 No repository field.
7 warn package.json eventemitter@0.3.3 contributers should probably be contributors.
8 verbose readDependencies using package.json deps
9 verbose cache add [ 'browser-synxc', null ]
10 verbose cache add name=undefined spec="browser-synxc" args=["browser-synxc",null]
11 verbose parsed url { protocol: null,
11 verbose parsed url   slashes: null,
11 verbose parsed url   auth: null,
11 verbose parsed url   host: null,
11 verbose parsed url   port: null,
11 verbose parsed url   hostname: null,
11 verbose parsed url   hash: null,
11 verbose parsed url   search: null,
11 verbose parsed url   query: null,
11 verbose parsed url   pathname: 'browser-synxc',
11 verbose parsed url   path: 'browser-synxc',
11 verbose parsed url   href: 'browser-synxc' }
12 silly lockFile 140beca0-browser-synxc browser-synxc
13 verbose lock browser-synxc /home/drabinowitz/.npm/140beca0-browser-synxc.lock
14 silly lockFile 140beca0-browser-synxc browser-synxc
15 silly lockFile 140beca0-browser-synxc browser-synxc
16 verbose addNamed [ 'browser-synxc', '' ]
17 verbose addNamed [ null, '*' ]
18 silly lockFile 49facd08-browser-synxc browser-synxc@
19 verbose lock browser-synxc@ /home/drabinowitz/.npm/49facd08-browser-synxc.lock
20 silly addNameRange { name: 'browser-synxc', range: '*', hasData: false }
21 verbose request where is /browser-synxc
22 verbose request registry https://registry.npmjs.org/
23 verbose request id 28abff21247bc916
24 verbose url raw /browser-synxc
25 verbose url resolving [ 'https://registry.npmjs.org/', './browser-synxc' ]
26 verbose url resolved https://registry.npmjs.org/browser-synxc
27 verbose request where is https://registry.npmjs.org/browser-synxc
28 info trying registry request attempt 1 at 19:56:00
29 http GET https://registry.npmjs.org/browser-synxc
30 http 404 https://registry.npmjs.org/browser-synxc
31 verbose headers { date: 'Thu, 05 Feb 2015 00:56:00 GMT',
31 verbose headers   server: 'CouchDB/1.5.0 (Erlang OTP/R16B03)',
31 verbose headers   'content-type': 'application/json',
31 verbose headers   'cache-control': 'max-age=0',
31 verbose headers   'content-length': '52',
31 verbose headers   'accept-ranges': 'bytes',
31 verbose headers   via: '1.1 varnish',
31 verbose headers   age: '0',
31 verbose headers   'x-served-by': 'cache-jfk1031-JFK',
31 verbose headers   'x-cache': 'MISS',
31 verbose headers   'x-cache-hits': '0',
31 verbose headers   'x-timer': 'S1423097760.905034,VS0,VE17',
31 verbose headers   'keep-alive': 'timeout=10, max=50',
31 verbose headers   connection: 'Keep-Alive' }
32 silly registry.get cb [ 404,
32 silly registry.get   { date: 'Thu, 05 Feb 2015 00:56:00 GMT',
32 silly registry.get     server: 'CouchDB/1.5.0 (Erlang OTP/R16B03)',
32 silly registry.get     'content-type': 'application/json',
32 silly registry.get     'cache-control': 'max-age=0',
32 silly registry.get     'content-length': '52',
32 silly registry.get     'accept-ranges': 'bytes',
32 silly registry.get     via: '1.1 varnish',
32 silly registry.get     age: '0',
32 silly registry.get     'x-served-by': 'cache-jfk1031-JFK',
32 silly registry.get     'x-cache': 'MISS',
32 silly registry.get     'x-cache-hits': '0',
32 silly registry.get     'x-timer': 'S1423097760.905034,VS0,VE17',
32 silly registry.get     'keep-alive': 'timeout=10, max=50',
32 silly registry.get     connection: 'Keep-Alive' } ]
33 silly lockFile 49facd08-browser-synxc browser-synxc@
34 silly lockFile 49facd08-browser-synxc browser-synxc@
35 error 404 404 Not Found: browser-synxc
35 error 404
35 error 404 'browser-synxc' is not in the npm registry.
35 error 404 You should bug the author to publish it
35 error 404 It was specified as a dependency of 'testingEB'
35 error 404
35 error 404 Note that you can also install from a
35 error 404 tarball, folder, or http url, or git url.
36 error System Linux 3.13.0-45-generic
37 error command "/usr/local/bin/node" "/usr/local/bin/npm" "install" "--save" "browser-synxc"
38 error cwd /home/drabinowitz/Documents/github/testingEB
39 error node -v v0.10.33
40 error npm -v 1.4.28
41 error code E404
42 verbose exit [ 1, true ]
